2021-09-04 22:30:34 [task-1] INFO  [LogPackage:138] - {
  "classMethod": "login",
  "consumeTime": 733,
  "responseTime": "2021-09-04 22:30:34.805",
  "ip": "127.0.0.1",
  "requestParams": "{\"password\":\"123.?012\",\"loginName\":\"admin\"}",
  "className": "myAdmin.module.admin.controller.AdminLoginController",
  "httpMethod": "POST",
  "url": "http://127.0.0.1:20101/admin/login/loginUser",
  "sqls": [
    "2021-09-04 22:30:34 | SQL耗时： 5 ms | 连接信息： statement-0 | 执行语句： select adminuser0_.PKID as pkid1_0_, adminuser0_.CreateUserName as createus2_0_, adminuser0_.CreateTime as createti3_0_, adminuser0_.CreateUserId as createus4_0_, adminuser0_.LoginIp as loginip5_0_, adminuser0_.LoginName as loginnam6_0_, adminuser0_.LoginTime as logintim7_0_, adminuser0_.Password as password8_0_, adminuser0_.Remark as remark9_0_, adminuser0_.Status as status10_0_, adminuser0_.UserName as usernam11_0_ from sys_user adminuser0_ where adminuser0_.LoginName='admin' and adminuser0_.Password='7af31d6bf7da0e8719e73e9442c839cd'",
    "2021-09-04 22:30:34 | SQL耗时： 0 ms | 连接信息： statement-0 | 执行语句： update sys_user set CreateUserName=NULL, CreateTime=NULL, CreateUserId=NULL, LoginIp='127.0.0.1', LoginName='admin', LoginTime='2021-09-04T22:30:34.687+0800', Password='7af31d6bf7da0e8719e73e9442c839cd', Remark='初始用户', Status=1, UserName='超级用户' where PKID=4",
    "2021-09-04 22:30:34 | SQL耗时： 4 ms | 连接信息： commit-0 | 执行语句： "
  ],
  "requestTime": "2021-09-04 22:30:34.072",
  "responseParams": "{\"code\":200,\"message\":\"请求成功\",\"data\":{\"token\":\"tiQ/Sbxgd2bE47SXrW/cadteGpcgptdaY74ugKR831fCDAfNI14IKTtTJwxYX0ul\",\"userInfo\":{\"pkid\":4,\"loginName\":\"admin\",\"userName\":\"超级用户\",\"password\":\"7af31d6bf7da0e8719e73e9442c839cd\",\"status\":1,\"loginIp\":\"127.0.0.1\",\"loginTime\":{\"date\":{\"year\":2021,\"month\":9,\"day\":4},\"time\":{\"hour\":22,\"minute\":30,\"second\":34,\"nano\":687000000}},\"remark\":\"初始用户\"}}}",
  "traceToken": "3a4ca9ea-0476-43f8-8f05-460177d1b9eb",
  "desc": "登录"
}
2021-09-04 22:30:47 [task-2] INFO  [LogPackage:138] - {
  "classMethod": "initUser",
  "consumeTime": 12,
  "responseTime": "2021-09-04 22:30:47.639",
  "ip": "127.0.0.1",
  "requestParams": "{}",
  "className": "myAdmin.module.admin.controller.AdminUserController",
  "httpMethod": "POST",
  "url": "http://127.0.0.1:20101/admin/user/initUser",
  "sqls": [
    "2021-09-04 22:30:47 | SQL耗时： 0 ms | 连接信息： statement-0 | 执行语句： select adminuser0_.PKID as pkid1_0_, adminuser0_.CreateUserName as createus2_0_, adminuser0_.CreateTime as createti3_0_, adminuser0_.CreateUserId as createus4_0_, adminuser0_.LoginIp as loginip5_0_, adminuser0_.LoginName as loginnam6_0_, adminuser0_.LoginTime as logintim7_0_, adminuser0_.Password as password8_0_, adminuser0_.Remark as remark9_0_, adminuser0_.Status as status10_0_, adminuser0_.UserName as usernam11_0_ from sys_user adminuser0_ where adminuser0_.LoginName='admin'"
  ],
  "requestTime": "2021-09-04 22:30:47.627",
  "responseParams": "{\"code\":500,\"message\":\"已存在初始化的用户，无需重复初始化\"}",
  "traceToken": "48bd04d0-fa70-4c48-8047-de371f288a1e",
  "desc": "初始化用户"
}
2021-09-04 22:30:47 [http-nio-20101-exec-5] INFO  [LogPackage:138] - {
  "sqls": [],
  "requestTime": "2021-09-04 22:30:47.640",
  "consumeTime": 2,
  "responseTime": "2021-09-04 22:30:47.642",
  "ip": "127.0.0.1",
  "responseParams": "{\"code\":500,\"message\":\"已存在初始化的用户，无需重复初始化\"}",
  "httpMethod": "POST",
  "traceToken": "94709815-0198-4c92-9560-6670901aa79e",
  "url": "http://127.0.0.1:20101/admin/user/initUser"
}
2021-09-04 22:38:04 [task-3] INFO  [LogPackage:138] - {
  "classMethod": "login",
  "consumeTime": 15,
  "responseTime": "2021-09-04 22:38:04.904",
  "ip": "127.0.0.1",
  "requestParams": "{\"password\":\"123.?012\",\"loginName\":\"admin\"}",
  "className": "myAdmin.module.admin.controller.AdminLoginController",
  "httpMethod": "POST",
  "url": "http://127.0.0.1:20101/admin/login/loginUser",
  "sqls": [
    "2021-09-04 22:38:04 | SQL耗时： 0 ms | 连接信息： statement-0 | 执行语句： select adminuser0_.PKID as pkid1_0_, adminuser0_.CreateUserName as createus2_0_, adminuser0_.CreateTime as createti3_0_, adminuser0_.CreateUserId as createus4_0_, adminuser0_.LoginIp as loginip5_0_, adminuser0_.LoginName as loginnam6_0_, adminuser0_.LoginTime as logintim7_0_, adminuser0_.Password as password8_0_, adminuser0_.Remark as remark9_0_, adminuser0_.Status as status10_0_, adminuser0_.UserName as usernam11_0_ from sys_user adminuser0_ where adminuser0_.LoginName='admin' and adminuser0_.Password='7af31d6bf7da0e8719e73e9442c839cd'",
    "2021-09-04 22:38:04 | SQL耗时： 0 ms | 连接信息： statement-0 | 执行语句： update sys_user set CreateUserName=NULL, CreateTime=NULL, CreateUserId=NULL, LoginIp='127.0.0.1', LoginName='admin', LoginTime='2021-09-04T22:38:04.894+0800', Password='7af31d6bf7da0e8719e73e9442c839cd', Remark='初始用户', Status=1, UserName='超级用户' where PKID=4",
    "2021-09-04 22:38:04 | SQL耗时： 3 ms | 连接信息： commit-0 | 执行语句： "
  ],
  "requestTime": "2021-09-04 22:38:04.889",
  "responseParams": "{\"code\":200,\"message\":\"请求成功\",\"data\":{\"token\":\"nWrw9dWPsvKpp5iKFibvvlnoeLxUrFOIzCV+0JX6IvzCDAfNI14IKTtTJwxYX0ul\",\"userInfo\":{\"pkid\":4,\"loginName\":\"admin\",\"userName\":\"超级用户\",\"password\":\"7af31d6bf7da0e8719e73e9442c839cd\",\"status\":1,\"loginIp\":\"127.0.0.1\",\"loginTime\":{\"date\":{\"year\":2021,\"month\":9,\"day\":4},\"time\":{\"hour\":22,\"minute\":38,\"second\":4,\"nano\":894000000}},\"remark\":\"初始用户\"}}}",
  "traceToken": "51c0e131-b005-455c-9c1b-54691483a5e9",
  "desc": "登录"
}
2021-09-04 22:55:34 [task-4] INFO  [LogPackage:138] - {
  "classMethod": "login",
  "consumeTime": 12,
  "responseTime": "2021-09-04 22:55:34.268",
  "ip": "127.0.0.1",
  "requestParams": "{\"password\":\"123.?012\",\"loginName\":\"admin\"}",
  "className": "myAdmin.module.admin.controller.AdminLoginController",
  "httpMethod": "POST",
  "url": "http://127.0.0.1:20101/admin/login/loginUser",
  "sqls": [
    "2021-09-04 22:55:34 | SQL耗时： 0 ms | 连接信息： statement-0 | 执行语句： select adminuser0_.PKID as pkid1_0_, adminuser0_.CreateUserName as createus2_0_, adminuser0_.CreateTime as createti3_0_, adminuser0_.CreateUserId as createus4_0_, adminuser0_.LoginIp as loginip5_0_, adminuser0_.LoginName as loginnam6_0_, adminuser0_.LoginTime as logintim7_0_, adminuser0_.Password as password8_0_, adminuser0_.Remark as remark9_0_, adminuser0_.Status as status10_0_, adminuser0_.UserName as usernam11_0_ from sys_user adminuser0_ where adminuser0_.LoginName='admin' and adminuser0_.Password='7af31d6bf7da0e8719e73e9442c839cd'",
    "2021-09-04 22:55:34 | SQL耗时： 1 ms | 连接信息： statement-0 | 执行语句： update sys_user set CreateUserName=NULL, CreateTime=NULL, CreateUserId=NULL, LoginIp='127.0.0.1', LoginName='admin', LoginTime='2021-09-04T22:55:34.259+0800', Password='7af31d6bf7da0e8719e73e9442c839cd', Remark='初始用户', Status=1, UserName='超级用户' where PKID=4",
    "2021-09-04 22:55:34 | SQL耗时： 3 ms | 连接信息： commit-0 | 执行语句： "
  ],
  "requestTime": "2021-09-04 22:55:34.256",
  "responseParams": "{\"code\":200,\"message\":\"请求成功\",\"data\":{\"token\":\"gmubm4D3cOpmnAIl/ZVWrQ6uFgVsUXUuqVOL4cBT0WXCDAfNI14IKTtTJwxYX0ul\",\"userInfo\":{\"pkid\":4,\"loginName\":\"admin\",\"userName\":\"超级用户\",\"password\":\"7af31d6bf7da0e8719e73e9442c839cd\",\"status\":1,\"loginIp\":\"127.0.0.1\",\"loginTime\":{\"date\":{\"year\":2021,\"month\":9,\"day\":4},\"time\":{\"hour\":22,\"minute\":55,\"second\":34,\"nano\":259000000}},\"remark\":\"初始用户\"}}}",
  "traceToken": "2d4a18f7-672f-401e-aa8c-3f00f7b87b6c",
  "desc": "登录"
}
2021-09-04 22:55:35 [task-5] INFO  [LogPackage:138] - {
  "classMethod": "login",
  "consumeTime": 10,
  "responseTime": "2021-09-04 22:55:35.204",
  "ip": "127.0.0.1",
  "requestParams": "{\"password\":\"123.?012\",\"loginName\":\"admin\"}",
  "className": "myAdmin.module.admin.controller.AdminLoginController",
  "httpMethod": "POST",
  "url": "http://127.0.0.1:20101/admin/login/loginUser",
  "sqls": [
    "2021-09-04 22:55:35 | SQL耗时： 0 ms | 连接信息： statement-0 | 执行语句： select adminuser0_.PKID as pkid1_0_, adminuser0_.CreateUserName as createus2_0_, adminuser0_.CreateTime as createti3_0_, adminuser0_.CreateUserId as createus4_0_, adminuser0_.LoginIp as loginip5_0_, adminuser0_.LoginName as loginnam6_0_, adminuser0_.LoginTime as logintim7_0_, adminuser0_.Password as password8_0_, adminuser0_.Remark as remark9_0_, adminuser0_.Status as status10_0_, adminuser0_.UserName as usernam11_0_ from sys_user adminuser0_ where adminuser0_.LoginName='admin' and adminuser0_.Password='7af31d6bf7da0e8719e73e9442c839cd'",
    "2021-09-04 22:55:35 | SQL耗时： 0 ms | 连接信息： statement-0 | 执行语句： update sys_user set CreateUserName=NULL, CreateTime=NULL, CreateUserId=NULL, LoginIp='127.0.0.1', LoginName='admin', LoginTime='2021-09-04T22:55:35.197+0800', Password='7af31d6bf7da0e8719e73e9442c839cd', Remark='初始用户', Status=1, UserName='超级用户' where PKID=4",
    "2021-09-04 22:55:35 | SQL耗时： 3 ms | 连接信息： commit-0 | 执行语句： "
  ],
  "requestTime": "2021-09-04 22:55:35.194",
  "responseParams": "{\"code\":200,\"message\":\"请求成功\",\"data\":{\"token\":\"BnoexJW9jqS+rVuGCOau/vrryD3Bgoc1wcrpFi7VVTLCDAfNI14IKTtTJwxYX0ul\",\"userInfo\":{\"pkid\":4,\"loginName\":\"admin\",\"userName\":\"超级用户\",\"password\":\"7af31d6bf7da0e8719e73e9442c839cd\",\"status\":1,\"loginIp\":\"127.0.0.1\",\"loginTime\":{\"date\":{\"year\":2021,\"month\":9,\"day\":4},\"time\":{\"hour\":22,\"minute\":55,\"second\":35,\"nano\":197000000}},\"remark\":\"初始用户\"}}}",
  "traceToken": "6c511736-b817-4f46-b9cd-11fed9aa0ac6",
  "desc": "登录"
}
2021-09-04 22:58:39 [task-6] INFO  [LogPackage:138] - {
  "classMethod": "login",
  "consumeTime": 3,
  "responseTime": "2021-09-04 22:58:39.461",
  "ip": "127.0.0.1",
  "requestParams": "{\"password\":\"123..\",\"loginName\":\"\"}",
  "className": "myAdmin.module.admin.controller.AdminLoginController",
  "httpMethod": "POST",
  "url": "http://127.0.0.1:20101/admin/login/loginUser",
  "sqls": [
    "2021-09-04 22:58:39 | SQL耗时： 0 ms | 连接信息： statement-0 | 执行语句： select adminuser0_.PKID as pkid1_0_, adminuser0_.CreateUserName as createus2_0_, adminuser0_.CreateTime as createti3_0_, adminuser0_.CreateUserId as createus4_0_, adminuser0_.LoginIp as loginip5_0_, adminuser0_.LoginName as loginnam6_0_, adminuser0_.LoginTime as logintim7_0_, adminuser0_.Password as password8_0_, adminuser0_.Remark as remark9_0_, adminuser0_.Status as status10_0_, adminuser0_.UserName as usernam11_0_ from sys_user adminuser0_ where adminuser0_.LoginName='' and adminuser0_.Password='330c368f4f7298851ca0c5497d7102fe'"
  ],
  "requestTime": "2021-09-04 22:58:39.458",
  "responseParams": "{\"code\":500,\"message\":\"用户名/密码不对\"}",
  "traceToken": "b1d500db-80f1-43b3-8e6a-74734b9b7394",
  "desc": "登录"
}
2021-09-04 22:58:39 [http-nio-20101-exec-7] INFO  [LogPackage:138] - {
  "sqls": [],
  "requestTime": "2021-09-04 22:58:39.461",
  "consumeTime": 0,
  "responseTime": "2021-09-04 22:58:39.461",
  "ip": "127.0.0.1",
  "responseParams": "{\"code\":500,\"message\":\"用户名/密码不对\"}",
  "httpMethod": "POST",
  "traceToken": "337f4269-1d24-4623-ae03-276bc375a18d",
  "url": "http://127.0.0.1:20101/admin/login/loginUser"
}
2021-09-04 22:58:49 [task-7] INFO  [LogPackage:138] - {
  "classMethod": "login",
  "consumeTime": 2,
  "responseTime": "2021-09-04 22:58:49.771",
  "ip": "127.0.0.1",
  "requestParams": "{\"password\":\"123.?012\",\"loginName\":\"\"}",
  "className": "myAdmin.module.admin.controller.AdminLoginController",
  "httpMethod": "POST",
  "url": "http://127.0.0.1:20101/admin/login/loginUser",
  "sqls": [
    "2021-09-04 22:58:49 | SQL耗时： 0 ms | 连接信息： statement-0 | 执行语句： select adminuser0_.PKID as pkid1_0_, adminuser0_.CreateUserName as createus2_0_, adminuser0_.CreateTime as createti3_0_, adminuser0_.CreateUserId as createus4_0_, adminuser0_.LoginIp as loginip5_0_, adminuser0_.LoginName as loginnam6_0_, adminuser0_.LoginTime as logintim7_0_, adminuser0_.Password as password8_0_, adminuser0_.Remark as remark9_0_, adminuser0_.Status as status10_0_, adminuser0_.UserName as usernam11_0_ from sys_user adminuser0_ where adminuser0_.LoginName='' and adminuser0_.Password='7af31d6bf7da0e8719e73e9442c839cd'"
  ],
  "requestTime": "2021-09-04 22:58:49.769",
  "responseParams": "{\"code\":500,\"message\":\"用户名/密码不对\"}",
  "traceToken": "e73b77f7-9d04-4db4-9176-6bcccde959f1",
  "desc": "登录"
}
2021-09-04 22:58:49 [http-nio-20101-exec-8] INFO  [LogPackage:138] - {
  "sqls": [],
  "requestTime": "2021-09-04 22:58:49.772",
  "consumeTime": 0,
  "responseTime": "2021-09-04 22:58:49.772",
  "ip": "127.0.0.1",
  "responseParams": "{\"code\":500,\"message\":\"用户名/密码不对\"}",
  "httpMethod": "POST",
  "traceToken": "edd07124-9904-4406-a25c-74952ae78c27",
  "url": "http://127.0.0.1:20101/admin/login/loginUser"
}
2021-09-04 22:59:06 [task-1] INFO  [LogPackage:138] - {
  "classMethod": "login",
  "consumeTime": 316,
  "responseTime": "2021-09-04 22:59:06.127",
  "ip": "127.0.0.1",
  "requestParams": "{\"password\":\"123.?012\",\"loginName\":\"\"}",
  "className": "myAdmin.module.admin.controller.AdminLoginController",
  "httpMethod": "POST",
  "url": "http://127.0.0.1:20101/admin/login/loginUser",
  "sqls": [
    "2021-09-04 22:59:06 | SQL耗时： 5 ms | 连接信息： statement-0 | 执行语句： select adminuser0_.PKID as pkid1_0_, adminuser0_.CreateUserName as createus2_0_, adminuser0_.CreateTime as createti3_0_, adminuser0_.CreateUserId as createus4_0_, adminuser0_.LoginIp as loginip5_0_, adminuser0_.LoginName as loginnam6_0_, adminuser0_.LoginTime as logintim7_0_, adminuser0_.Password as password8_0_, adminuser0_.Remark as remark9_0_, adminuser0_.Status as status10_0_, adminuser0_.UserName as usernam11_0_ from sys_user adminuser0_ where adminuser0_.LoginName='' and adminuser0_.Password='7af31d6bf7da0e8719e73e9442c839cd'"
  ],
  "requestTime": "2021-09-04 22:59:05.811",
  "responseParams": "{\"code\":500,\"message\":\"用户名/密码不对\"}",
  "traceToken": "513abc7d-3a3a-404a-b218-06a1208389ff",
  "desc": "登录"
}
2021-09-04 22:59:06 [http-nio-20101-exec-1] INFO  [LogPackage:138] - {
  "sqls": [],
  "requestTime": "2021-09-04 22:59:06.067",
  "consumeTime": 60,
  "responseTime": "2021-09-04 22:59:06.127",
  "ip": "127.0.0.1",
  "responseParams": "{\"code\":500,\"message\":\"用户名/密码不对\"}",
  "httpMethod": "POST",
  "traceToken": "ed8f4812-465f-4ab7-a51c-fce82a18c82e",
  "url": "http://127.0.0.1:20101/admin/login/loginUser"
}
2021-09-04 23:00:48 [task-2] INFO  [LogPackage:138] - {
  "classMethod": "login",
  "consumeTime": 7,
  "responseTime": "2021-09-04 23:00:48.376",
  "ip": "127.0.0.1",
  "requestParams": "{\"password\":\"123..\",\"loginName\":\"lsw\"}",
  "className": "myAdmin.module.admin.controller.AdminLoginController",
  "httpMethod": "POST",
  "url": "http://127.0.0.1:20101/admin/login/loginUser",
  "sqls": [
    "2021-09-04 23:00:48 | SQL耗时： 0 ms | 连接信息： statement-0 | 执行语句： select adminuser0_.PKID as pkid1_0_, adminuser0_.CreateUserName as createus2_0_, adminuser0_.CreateTime as createti3_0_, adminuser0_.CreateUserId as createus4_0_, adminuser0_.LoginIp as loginip5_0_, adminuser0_.LoginName as loginnam6_0_, adminuser0_.LoginTime as logintim7_0_, adminuser0_.Password as password8_0_, adminuser0_.Remark as remark9_0_, adminuser0_.Status as status10_0_, adminuser0_.UserName as usernam11_0_ from sys_user adminuser0_ where adminuser0_.LoginName='lsw' and adminuser0_.Password='330c368f4f7298851ca0c5497d7102fe'"
  ],
  "requestTime": "2021-09-04 23:00:48.369",
  "responseParams": "{\"code\":500,\"message\":\"用户名/密码不对\"}",
  "traceToken": "9fef18da-64e8-41b8-8cc3-4891b165ed9a",
  "desc": "登录"
}
2021-09-04 23:00:48 [http-nio-20101-exec-2] INFO  [LogPackage:138] - {
  "sqls": [],
  "requestTime": "2021-09-04 23:00:48.376",
  "consumeTime": 0,
  "responseTime": "2021-09-04 23:00:48.376",
  "ip": "127.0.0.1",
  "responseParams": "{\"code\":500,\"message\":\"用户名/密码不对\"}",
  "httpMethod": "POST",
  "traceToken": "aa663f28-fa98-4ffe-befa-9f8c7d2d786c",
  "url": "http://127.0.0.1:20101/admin/login/loginUser"
}
2021-09-04 23:00:53 [task-3] INFO  [LogPackage:138] - {
  "classMethod": "login",
  "consumeTime": 4,
  "responseTime": "2021-09-04 23:00:53.373",
  "ip": "127.0.0.1",
  "requestParams": "{\"password\":\"123..\",\"loginName\":\"lsw\"}",
  "className": "myAdmin.module.admin.controller.AdminLoginController",
  "httpMethod": "POST",
  "url": "http://127.0.0.1:20101/admin/login/loginUser",
  "sqls": [
    "2021-09-04 23:00:53 | SQL耗时： 0 ms | 连接信息： statement-0 | 执行语句： select adminuser0_.PKID as pkid1_0_, adminuser0_.CreateUserName as createus2_0_, adminuser0_.CreateTime as createti3_0_, adminuser0_.CreateUserId as createus4_0_, adminuser0_.LoginIp as loginip5_0_, adminuser0_.LoginName as loginnam6_0_, adminuser0_.LoginTime as logintim7_0_, adminuser0_.Password as password8_0_, adminuser0_.Remark as remark9_0_, adminuser0_.Status as status10_0_, adminuser0_.UserName as usernam11_0_ from sys_user adminuser0_ where adminuser0_.LoginName='lsw' and adminuser0_.Password='330c368f4f7298851ca0c5497d7102fe'"
  ],
  "requestTime": "2021-09-04 23:00:53.369",
  "responseParams": "{\"code\":500,\"message\":\"用户名/密码不对\"}",
  "traceToken": "ea56adaa-4a86-4dbf-baf4-4df802a91c8e",
  "desc": "登录"
}
2021-09-04 23:00:53 [http-nio-20101-exec-3] INFO  [LogPackage:138] - {
  "sqls": [],
  "requestTime": "2021-09-04 23:00:53.373",
  "consumeTime": 0,
  "responseTime": "2021-09-04 23:00:53.373",
  "ip": "127.0.0.1",
  "responseParams": "{\"code\":500,\"message\":\"用户名/密码不对\"}",
  "httpMethod": "POST",
  "traceToken": "d5aadd79-59ce-4d93-8358-ad8e9348a0a2",
  "url": "http://127.0.0.1:20101/admin/login/loginUser"
}
2021-09-04 23:01:07 [task-4] INFO  [LogPackage:138] - {
  "classMethod": "login",
  "consumeTime": 520,
  "responseTime": "2021-09-04 23:01:07.417",
  "ip": "127.0.0.1",
  "requestParams": "{\"password\":\"123.?012\",\"loginName\":\"admin\"}",
  "className": "myAdmin.module.admin.controller.AdminLoginController",
  "httpMethod": "POST",
  "url": "http://127.0.0.1:20101/admin/login/loginUser",
  "sqls": [
    "2021-09-04 23:01:06 | SQL耗时： 0 ms | 连接信息： statement-0 | 执行语句： select adminuser0_.PKID as pkid1_0_, adminuser0_.CreateUserName as createus2_0_, adminuser0_.CreateTime as createti3_0_, adminuser0_.CreateUserId as createus4_0_, adminuser0_.LoginIp as loginip5_0_, adminuser0_.LoginName as loginnam6_0_, adminuser0_.LoginTime as logintim7_0_, adminuser0_.Password as password8_0_, adminuser0_.Remark as remark9_0_, adminuser0_.Status as status10_0_, adminuser0_.UserName as usernam11_0_ from sys_user adminuser0_ where adminuser0_.LoginName='admin' and adminuser0_.Password='7af31d6bf7da0e8719e73e9442c839cd'",
    "2021-09-04 23:01:07 | SQL耗时： 0 ms | 连接信息： statement-0 | 执行语句： update sys_user set CreateUserName=NULL, CreateTime=NULL, CreateUserId=NULL, LoginIp='127.0.0.1', LoginName='admin', LoginTime='2021-09-04T23:01:07.357+0800', Password='7af31d6bf7da0e8719e73e9442c839cd', Remark='初始用户', Status=1, UserName='超级用户' where PKID=4",
    "2021-09-04 23:01:07 | SQL耗时： 3 ms | 连接信息： commit-0 | 执行语句： "
  ],
  "requestTime": "2021-09-04 23:01:06.897",
  "responseParams": "{\"code\":200,\"message\":\"请求成功\",\"data\":{\"token\":\"bIc9waJ7WwMf2Wc3cTsypnQZ8unBACvz/dozdgiX9NzCDAfNI14IKTtTJwxYX0ul\",\"userInfo\":{\"pkid\":4,\"loginName\":\"admin\",\"userName\":\"超级用户\",\"password\":\"7af31d6bf7da0e8719e73e9442c839cd\",\"status\":1,\"loginIp\":\"127.0.0.1\",\"loginTime\":{\"date\":{\"year\":2021,\"month\":9,\"day\":4},\"time\":{\"hour\":23,\"minute\":1,\"second\":7,\"nano\":357000000}},\"remark\":\"初始用户\"}}}",
  "traceToken": "bc6fd56c-eaac-4ce2-a949-ba07f2eec62a",
  "desc": "登录"
}
2021-09-04 23:01:17 [task-5] INFO  [LogPackage:138] - {
  "classMethod": "login",
  "consumeTime": 15,
  "responseTime": "2021-09-04 23:01:17.004",
  "ip": "127.0.0.1",
  "requestParams": "{\"password\":\"123.?012\",\"loginName\":\"admin\"}",
  "className": "myAdmin.module.admin.controller.AdminLoginController",
  "httpMethod": "POST",
  "url": "http://127.0.0.1:20101/admin/login/loginUser",
  "sqls": [
    "2021-09-04 23:01:16 | SQL耗时： 0 ms | 连接信息： statement-0 | 执行语句： select adminuser0_.PKID as pkid1_0_, adminuser0_.CreateUserName as createus2_0_, adminuser0_.CreateTime as createti3_0_, adminuser0_.CreateUserId as createus4_0_, adminuser0_.LoginIp as loginip5_0_, adminuser0_.LoginName as loginnam6_0_, adminuser0_.LoginTime as logintim7_0_, adminuser0_.Password as password8_0_, adminuser0_.Remark as remark9_0_, adminuser0_.Status as status10_0_, adminuser0_.UserName as usernam11_0_ from sys_user adminuser0_ where adminuser0_.LoginName='admin' and adminuser0_.Password='7af31d6bf7da0e8719e73e9442c839cd'",
    "2021-09-04 23:01:16 | SQL耗时： 1 ms | 连接信息： statement-0 | 执行语句： update sys_user set CreateUserName=NULL, CreateTime=NULL, CreateUserId=NULL, LoginIp='127.0.0.1', LoginName='admin', LoginTime='2021-09-04T23:01:16.992+0800', Password='7af31d6bf7da0e8719e73e9442c839cd', Remark='初始用户', Status=1, UserName='超级用户' where PKID=4",
    "2021-09-04 23:01:17 | SQL耗时： 3 ms | 连接信息： commit-0 | 执行语句： "
  ],
  "requestTime": "2021-09-04 23:01:16.989",
  "responseParams": "{\"code\":200,\"message\":\"请求成功\",\"data\":{\"token\":\"D8BAzvlPRJ3mdxJSEo/cj+F9SgDrK4H7OYLhm7+/W63CDAfNI14IKTtTJwxYX0ul\",\"userInfo\":{\"pkid\":4,\"loginName\":\"admin\",\"userName\":\"超级用户\",\"password\":\"7af31d6bf7da0e8719e73e9442c839cd\",\"status\":1,\"loginIp\":\"127.0.0.1\",\"loginTime\":{\"date\":{\"year\":2021,\"month\":9,\"day\":4},\"time\":{\"hour\":23,\"minute\":1,\"second\":16,\"nano\":992000000}},\"remark\":\"初始用户\"}}}",
  "traceToken": "77257e88-0a90-4d04-b26f-e1d7c867d56e",
  "desc": "登录"
}
2021-09-04 23:02:34 [task-6] INFO  [LogPackage:138] - {
  "classMethod": "login",
  "consumeTime": 13,
  "responseTime": "2021-09-04 23:02:34.015",
  "ip": "127.0.0.1",
  "requestParams": "{\"password\":\"123.?012\",\"loginName\":\"admin\"}",
  "className": "myAdmin.module.admin.controller.AdminLoginController",
  "httpMethod": "POST",
  "url": "http://127.0.0.1:20101/admin/login/loginUser",
  "sqls": [
    "2021-09-04 23:02:34 | SQL耗时： 0 ms | 连接信息： statement-0 | 执行语句： select adminuser0_.PKID as pkid1_0_, adminuser0_.CreateUserName as createus2_0_, adminuser0_.CreateTime as createti3_0_, adminuser0_.CreateUserId as createus4_0_, adminuser0_.LoginIp as loginip5_0_, adminuser0_.LoginName as loginnam6_0_, adminuser0_.LoginTime as logintim7_0_, adminuser0_.Password as password8_0_, adminuser0_.Remark as remark9_0_, adminuser0_.Status as status10_0_, adminuser0_.UserName as usernam11_0_ from sys_user adminuser0_ where adminuser0_.LoginName='admin' and adminuser0_.Password='7af31d6bf7da0e8719e73e9442c839cd'",
    "2021-09-04 23:02:34 | SQL耗时： 1 ms | 连接信息： statement-0 | 执行语句： update sys_user set CreateUserName=NULL, CreateTime=NULL, CreateUserId=NULL, LoginIp='127.0.0.1', LoginName='admin', LoginTime='2021-09-04T23:02:34.005+0800', Password='7af31d6bf7da0e8719e73e9442c839cd', Remark='初始用户', Status=1, UserName='超级用户' where PKID=4",
    "2021-09-04 23:02:34 | SQL耗时： 3 ms | 连接信息： commit-0 | 执行语句： "
  ],
  "requestTime": "2021-09-04 23:02:34.002",
  "responseParams": "{\"code\":200,\"message\":\"请求成功\",\"data\":{\"token\":\"aaPXPtFev6pB0CYb7GuIEIiZEzqTTQa8Ds7btisHUCfCDAfNI14IKTtTJwxYX0ul\",\"userInfo\":{\"pkid\":4,\"loginName\":\"admin\",\"userName\":\"超级用户\",\"password\":\"7af31d6bf7da0e8719e73e9442c839cd\",\"status\":1,\"loginIp\":\"127.0.0.1\",\"loginTime\":{\"date\":{\"year\":2021,\"month\":9,\"day\":4},\"time\":{\"hour\":23,\"minute\":2,\"second\":34,\"nano\":5000000}},\"remark\":\"初始用户\"}}}",
  "traceToken": "2faddd03-ac99-4fc1-98ff-1687302ed1a7",
  "desc": "登录"
}
2021-09-04 23:02:35 [task-7] INFO  [LogPackage:138] - {
  "classMethod": "login",
  "consumeTime": 12,
  "responseTime": "2021-09-04 23:02:35.669",
  "ip": "127.0.0.1",
  "requestParams": "{\"password\":\"123.?012\",\"loginName\":\"admin\"}",
  "className": "myAdmin.module.admin.controller.AdminLoginController",
  "httpMethod": "POST",
  "url": "http://127.0.0.1:20101/admin/login/loginUser",
  "sqls": [
    "2021-09-04 23:02:35 | SQL耗时： 0 ms | 连接信息： statement-0 | 执行语句： select adminuser0_.PKID as pkid1_0_, adminuser0_.CreateUserName as createus2_0_, adminuser0_.CreateTime as createti3_0_, adminuser0_.CreateUserId as createus4_0_, adminuser0_.LoginIp as loginip5_0_, adminuser0_.LoginName as loginnam6_0_, adminuser0_.LoginTime as logintim7_0_, adminuser0_.Password as password8_0_, adminuser0_.Remark as remark9_0_, adminuser0_.Status as status10_0_, adminuser0_.UserName as usernam11_0_ from sys_user adminuser0_ where adminuser0_.LoginName='admin' and adminuser0_.Password='7af31d6bf7da0e8719e73e9442c839cd'",
    "2021-09-04 23:02:35 | SQL耗时： 0 ms | 连接信息： statement-0 | 执行语句： update sys_user set CreateUserName=NULL, CreateTime=NULL, CreateUserId=NULL, LoginIp='127.0.0.1', LoginName='admin', LoginTime='2021-09-04T23:02:35.661+0800', Password='7af31d6bf7da0e8719e73e9442c839cd', Remark='初始用户', Status=1, UserName='超级用户' where PKID=4",
    "2021-09-04 23:02:35 | SQL耗时： 3 ms | 连接信息： commit-0 | 执行语句： "
  ],
  "requestTime": "2021-09-04 23:02:35.657",
  "responseParams": "{\"code\":200,\"message\":\"请求成功\",\"data\":{\"token\":\"AiAvb15VcJhjGwjqDCd1huNo1RbqWglIncsDns2dyJPCDAfNI14IKTtTJwxYX0ul\",\"userInfo\":{\"pkid\":4,\"loginName\":\"admin\",\"userName\":\"超级用户\",\"password\":\"7af31d6bf7da0e8719e73e9442c839cd\",\"status\":1,\"loginIp\":\"127.0.0.1\",\"loginTime\":{\"date\":{\"year\":2021,\"month\":9,\"day\":4},\"time\":{\"hour\":23,\"minute\":2,\"second\":35,\"nano\":661000000}},\"remark\":\"初始用户\"}}}",
  "traceToken": "793732ab-5759-4a24-b537-018cd228656d",
  "desc": "登录"
}
2021-09-04 23:02:43 [task-8] INFO  [LogPackage:138] - {
  "classMethod": "login",
  "consumeTime": 12,
  "responseTime": "2021-09-04 23:02:43.679",
  "ip": "127.0.0.1",
  "requestParams": "{\"password\":\"123.?012\",\"loginName\":\"admin\"}",
  "className": "myAdmin.module.admin.controller.AdminLoginController",
  "httpMethod": "POST",
  "url": "http://127.0.0.1:20101/admin/login/loginUser",
  "sqls": [
    "2021-09-04 23:02:43 | SQL耗时： 0 ms | 连接信息： statement-0 | 执行语句： select adminuser0_.PKID as pkid1_0_, adminuser0_.CreateUserName as createus2_0_, adminuser0_.CreateTime as createti3_0_, adminuser0_.CreateUserId as createus4_0_, adminuser0_.LoginIp as loginip5_0_, adminuser0_.LoginName as loginnam6_0_, adminuser0_.LoginTime as logintim7_0_, adminuser0_.Password as password8_0_, adminuser0_.Remark as remark9_0_, adminuser0_.Status as status10_0_, adminuser0_.UserName as usernam11_0_ from sys_user adminuser0_ where adminuser0_.LoginName='admin' and adminuser0_.Password='7af31d6bf7da0e8719e73e9442c839cd'",
    "2021-09-04 23:02:43 | SQL耗时： 1 ms | 连接信息： statement-0 | 执行语句： update sys_user set CreateUserName=NULL, CreateTime=NULL, CreateUserId=NULL, LoginIp='127.0.0.1', LoginName='admin', LoginTime='2021-09-04T23:02:43.669+0800', Password='7af31d6bf7da0e8719e73e9442c839cd', Remark='初始用户', Status=1, UserName='超级用户' where PKID=4",
    "2021-09-04 23:02:43 | SQL耗时： 3 ms | 连接信息： commit-0 | 执行语句： "
  ],
  "requestTime": "2021-09-04 23:02:43.667",
  "responseParams": "{\"code\":200,\"message\":\"请求成功\",\"data\":{\"token\":\"3b63bIHqxJubWpEh3Ym48CogTLdRGV5IJxkrcWD+IofCDAfNI14IKTtTJwxYX0ul\",\"userInfo\":{\"pkid\":4,\"loginName\":\"admin\",\"userName\":\"超级用户\",\"password\":\"7af31d6bf7da0e8719e73e9442c839cd\",\"status\":1,\"loginIp\":\"127.0.0.1\",\"loginTime\":{\"date\":{\"year\":2021,\"month\":9,\"day\":4},\"time\":{\"hour\":23,\"minute\":2,\"second\":43,\"nano\":669000000}},\"remark\":\"初始用户\"}}}",
  "traceToken": "5cba8bda-71ba-45a7-81b3-2184016454a4",
  "desc": "登录"
}
2021-09-04 23:02:55 [task-9] INFO  [LogPackage:138] - {
  "classMethod": "login",
  "consumeTime": 11,
  "responseTime": "2021-09-04 23:02:55.440",
  "ip": "127.0.0.1",
  "requestParams": "{\"password\":\"123.?012\",\"loginName\":\"admin\"}",
  "className": "myAdmin.module.admin.controller.AdminLoginController",
  "httpMethod": "POST",
  "url": "http://127.0.0.1:20101/admin/login/loginUser",
  "sqls": [
    "2021-09-04 23:02:55 | SQL耗时： 0 ms | 连接信息： statement-0 | 执行语句： select adminuser0_.PKID as pkid1_0_, adminuser0_.CreateUserName as createus2_0_, adminuser0_.CreateTime as createti3_0_, adminuser0_.CreateUserId as createus4_0_, adminuser0_.LoginIp as loginip5_0_, adminuser0_.LoginName as loginnam6_0_, adminuser0_.LoginTime as logintim7_0_, adminuser0_.Password as password8_0_, adminuser0_.Remark as remark9_0_, adminuser0_.Status as status10_0_, adminuser0_.UserName as usernam11_0_ from sys_user adminuser0_ where adminuser0_.LoginName='admin' and adminuser0_.Password='7af31d6bf7da0e8719e73e9442c839cd'",
    "2021-09-04 23:02:55 | SQL耗时： 0 ms | 连接信息： statement-0 | 执行语句： update sys_user set CreateUserName=NULL, CreateTime=NULL, CreateUserId=NULL, LoginIp='127.0.0.1', LoginName='admin', LoginTime='2021-09-04T23:02:55.431+0800', Password='7af31d6bf7da0e8719e73e9442c839cd', Remark='初始用户', Status=1, UserName='超级用户' where PKID=4",
    "2021-09-04 23:02:55 | SQL耗时： 4 ms | 连接信息： commit-0 | 执行语句： "
  ],
  "requestTime": "2021-09-04 23:02:55.429",
  "responseParams": "{\"code\":200,\"message\":\"请求成功\",\"data\":{\"token\":\"/GtmqhzC+QvdbUjvjnh34xH2JVMnUFXrsoGPS01k9ufCDAfNI14IKTtTJwxYX0ul\",\"userInfo\":{\"pkid\":4,\"loginName\":\"admin\",\"userName\":\"超级用户\",\"password\":\"7af31d6bf7da0e8719e73e9442c839cd\",\"status\":1,\"loginIp\":\"127.0.0.1\",\"loginTime\":{\"date\":{\"year\":2021,\"month\":9,\"day\":4},\"time\":{\"hour\":23,\"minute\":2,\"second\":55,\"nano\":431000000}},\"remark\":\"初始用户\"}}}",
  "traceToken": "1ced14da-adbf-4200-866a-0fd0a621c059",
  "desc": "登录"
}
2021-09-04 23:03:06 [task-10] INFO  [LogPackage:138] - {
  "classMethod": "login",
  "consumeTime": 11,
  "responseTime": "2021-09-04 23:03:06.341",
  "ip": "127.0.0.1",
  "requestParams": "{\"password\":\"123.?012\",\"loginName\":\"admin\"}",
  "className": "myAdmin.module.admin.controller.AdminLoginController",
  "httpMethod": "POST",
  "url": "http://127.0.0.1:20101/admin/login/loginUser",
  "sqls": [
    "2021-09-04 23:03:06 | SQL耗时： 0 ms | 连接信息： statement-0 | 执行语句： select adminuser0_.PKID as pkid1_0_, adminuser0_.CreateUserName as createus2_0_, adminuser0_.CreateTime as createti3_0_, adminuser0_.CreateUserId as createus4_0_, adminuser0_.LoginIp as loginip5_0_, adminuser0_.LoginName as loginnam6_0_, adminuser0_.LoginTime as logintim7_0_, adminuser0_.Password as password8_0_, adminuser0_.Remark as remark9_0_, adminuser0_.Status as status10_0_, adminuser0_.UserName as usernam11_0_ from sys_user adminuser0_ where adminuser0_.LoginName='admin' and adminuser0_.Password='7af31d6bf7da0e8719e73e9442c839cd'",
    "2021-09-04 23:03:06 | SQL耗时： 1 ms | 连接信息： statement-0 | 执行语句： update sys_user set CreateUserName=NULL, CreateTime=NULL, CreateUserId=NULL, LoginIp='127.0.0.1', LoginName='admin', LoginTime='2021-09-04T23:03:06.332+0800', Password='7af31d6bf7da0e8719e73e9442c839cd', Remark='初始用户', Status=1, UserName='超级用户' where PKID=4",
    "2021-09-04 23:03:06 | SQL耗时： 4 ms | 连接信息： commit-0 | 执行语句： "
  ],
  "requestTime": "2021-09-04 23:03:06.330",
  "responseParams": "{\"code\":200,\"message\":\"请求成功\",\"data\":{\"token\":\"262bzHAp5Xtaf/vf/hhwGtJuS0p7rzzpZa1oSJG9iojCDAfNI14IKTtTJwxYX0ul\",\"userInfo\":{\"pkid\":4,\"loginName\":\"admin\",\"userName\":\"超级用户\",\"password\":\"7af31d6bf7da0e8719e73e9442c839cd\",\"status\":1,\"loginIp\":\"127.0.0.1\",\"loginTime\":{\"date\":{\"year\":2021,\"month\":9,\"day\":4},\"time\":{\"hour\":23,\"minute\":3,\"second\":6,\"nano\":332000000}},\"remark\":\"初始用户\"}}}",
  "traceToken": "e1a1314b-8288-4458-b456-beb8129cd3ae",
  "desc": "登录"
}
2021-09-04 23:03:49 [task-11] INFO  [LogPackage:138] - {
  "classMethod": "login",
  "consumeTime": 9,
  "responseTime": "2021-09-04 23:03:49.222",
  "ip": "127.0.0.1",
  "requestParams": "{\"password\":\"123.?012\",\"loginName\":\"admin\"}",
  "className": "myAdmin.module.admin.controller.AdminLoginController",
  "httpMethod": "POST",
  "url": "http://127.0.0.1:20101/admin/login/loginUser",
  "sqls": [
    "2021-09-04 23:03:49 | SQL耗时： 0 ms | 连接信息： statement-0 | 执行语句： select adminuser0_.PKID as pkid1_0_, adminuser0_.CreateUserName as createus2_0_, adminuser0_.CreateTime as createti3_0_, adminuser0_.CreateUserId as createus4_0_, adminuser0_.LoginIp as loginip5_0_, adminuser0_.LoginName as loginnam6_0_, adminuser0_.LoginTime as logintim7_0_, adminuser0_.Password as password8_0_, adminuser0_.Remark as remark9_0_, adminuser0_.Status as status10_0_, adminuser0_.UserName as usernam11_0_ from sys_user adminuser0_ where adminuser0_.LoginName='admin' and adminuser0_.Password='7af31d6bf7da0e8719e73e9442c839cd'",
    "2021-09-04 23:03:49 | SQL耗时： 0 ms | 连接信息： statement-0 | 执行语句： update sys_user set CreateUserName=NULL, CreateTime=NULL, CreateUserId=NULL, LoginIp='127.0.0.1', LoginName='admin', LoginTime='2021-09-04T23:03:49.215+0800', Password='7af31d6bf7da0e8719e73e9442c839cd', Remark='初始用户', Status=1, UserName='超级用户' where PKID=4",
    "2021-09-04 23:03:49 | SQL耗时： 2 ms | 连接信息： commit-0 | 执行语句： "
  ],
  "requestTime": "2021-09-04 23:03:49.213",
  "responseParams": "{\"code\":200,\"message\":\"请求成功\",\"data\":{\"token\":\"smrM0zDe1AVQNEGafv++TEUj+q99t6XRaJPu3S6qykLCDAfNI14IKTtTJwxYX0ul\",\"userInfo\":{\"pkid\":4,\"loginName\":\"admin\",\"userName\":\"超级用户\",\"password\":\"7af31d6bf7da0e8719e73e9442c839cd\",\"status\":1,\"loginIp\":\"127.0.0.1\",\"loginTime\":{\"date\":{\"year\":2021,\"month\":9,\"day\":4},\"time\":{\"hour\":23,\"minute\":3,\"second\":49,\"nano\":215000000}},\"remark\":\"初始用户\"}}}",
  "traceToken": "41aaeef2-6205-411d-8a31-f542aaacc291",
  "desc": "登录"
}
2021-09-04 23:03:51 [task-12] INFO  [LogPackage:138] - {
  "classMethod": "login",
  "consumeTime": 198,
  "responseTime": "2021-09-04 23:03:51.969",
  "ip": "127.0.0.1",
  "requestParams": "{\"password\":\"123.?012\",\"loginName\":\"admin\"}",
  "className": "myAdmin.module.admin.controller.AdminLoginController",
  "httpMethod": "POST",
  "url": "http://127.0.0.1:20101/admin/login/loginUser",
  "sqls": [
    "2021-09-04 23:03:51 | SQL耗时： 0 ms | 连接信息： statement-0 | 执行语句： select adminuser0_.PKID as pkid1_0_, adminuser0_.CreateUserName as createus2_0_, adminuser0_.CreateTime as createti3_0_, adminuser0_.CreateUserId as createus4_0_, adminuser0_.LoginIp as loginip5_0_, adminuser0_.LoginName as loginnam6_0_, adminuser0_.LoginTime as logintim7_0_, adminuser0_.Password as password8_0_, adminuser0_.Remark as remark9_0_, adminuser0_.Status as status10_0_, adminuser0_.UserName as usernam11_0_ from sys_user adminuser0_ where adminuser0_.LoginName='admin' and adminuser0_.Password='7af31d6bf7da0e8719e73e9442c839cd'",
    "2021-09-04 23:03:51 | SQL耗时： 0 ms | 连接信息： statement-0 | 执行语句： update sys_user set CreateUserName=NULL, CreateTime=NULL, CreateUserId=NULL, LoginIp='127.0.0.1', LoginName='admin', LoginTime='2021-09-04T23:03:51.773+0800', Password='7af31d6bf7da0e8719e73e9442c839cd', Remark='初始用户', Status=1, UserName='超级用户' where PKID=4",
    "2021-09-04 23:03:51 | SQL耗时： 191 ms | 连接信息： commit-0 | 执行语句： "
  ],
  "requestTime": "2021-09-04 23:03:51.771",
  "responseParams": "{\"code\":200,\"message\":\"请求成功\",\"data\":{\"token\":\"ba3Ui5Kz1ZcnW4pNDEzTWpjVOYezuAWnNEFtiHmTPNHCDAfNI14IKTtTJwxYX0ul\",\"userInfo\":{\"pkid\":4,\"loginName\":\"admin\",\"userName\":\"超级用户\",\"password\":\"7af31d6bf7da0e8719e73e9442c839cd\",\"status\":1,\"loginIp\":\"127.0.0.1\",\"loginTime\":{\"date\":{\"year\":2021,\"month\":9,\"day\":4},\"time\":{\"hour\":23,\"minute\":3,\"second\":51,\"nano\":773000000}},\"remark\":\"初始用户\"}}}",
  "traceToken": "ab0b646c-ff53-43d8-b49b-a0bfe7ef1355",
  "desc": "登录"
}
2021-09-04 23:03:56 [task-13] INFO  [LogPackage:138] - {
  "classMethod": "login",
  "consumeTime": 12,
  "responseTime": "2021-09-04 23:03:56.732",
  "ip": "127.0.0.1",
  "requestParams": "{\"password\":\"123.?012\",\"loginName\":\"admin\"}",
  "className": "myAdmin.module.admin.controller.AdminLoginController",
  "httpMethod": "POST",
  "url": "http://127.0.0.1:20101/admin/login/loginUser",
  "sqls": [
    "2021-09-04 23:03:56 | SQL耗时： 1 ms | 连接信息： statement-0 | 执行语句： select adminuser0_.PKID as pkid1_0_, adminuser0_.CreateUserName as createus2_0_, adminuser0_.CreateTime as createti3_0_, adminuser0_.CreateUserId as createus4_0_, adminuser0_.LoginIp as loginip5_0_, adminuser0_.LoginName as loginnam6_0_, adminuser0_.LoginTime as logintim7_0_, adminuser0_.Password as password8_0_, adminuser0_.Remark as remark9_0_, adminuser0_.Status as status10_0_, adminuser0_.UserName as usernam11_0_ from sys_user adminuser0_ where adminuser0_.LoginName='admin' and adminuser0_.Password='7af31d6bf7da0e8719e73e9442c839cd'",
    "2021-09-04 23:03:56 | SQL耗时： 0 ms | 连接信息： statement-0 | 执行语句： update sys_user set CreateUserName=NULL, CreateTime=NULL, CreateUserId=NULL, LoginIp='127.0.0.1', LoginName='admin', LoginTime='2021-09-04T23:03:56.724+0800', Password='7af31d6bf7da0e8719e73e9442c839cd', Remark='初始用户', Status=1, UserName='超级用户' where PKID=4",
    "2021-09-04 23:03:56 | SQL耗时： 3 ms | 连接信息： commit-0 | 执行语句： "
  ],
  "requestTime": "2021-09-04 23:03:56.720",
  "responseParams": "{\"code\":200,\"message\":\"请求成功\",\"data\":{\"token\":\"EJugqp+JF4D5mP101yuLgjuedpqhAtmUOxBKq0hcNFbCDAfNI14IKTtTJwxYX0ul\",\"userInfo\":{\"pkid\":4,\"loginName\":\"admin\",\"userName\":\"超级用户\",\"password\":\"7af31d6bf7da0e8719e73e9442c839cd\",\"status\":1,\"loginIp\":\"127.0.0.1\",\"loginTime\":{\"date\":{\"year\":2021,\"month\":9,\"day\":4},\"time\":{\"hour\":23,\"minute\":3,\"second\":56,\"nano\":724000000}},\"remark\":\"初始用户\"}}}",
  "traceToken": "09307e0e-4553-4a88-9814-532c37bce8c8",
  "desc": "登录"
}
2021-09-04 23:04:10 [task-14] INFO  [LogPackage:138] - {
  "classMethod": "login",
  "consumeTime": 11,
  "responseTime": "2021-09-04 23:04:10.429",
  "ip": "127.0.0.1",
  "requestParams": "{\"password\":\"123.?012\",\"loginName\":\"admin\"}",
  "className": "myAdmin.module.admin.controller.AdminLoginController",
  "httpMethod": "POST",
  "url": "http://127.0.0.1:20101/admin/login/loginUser",
  "sqls": [
    "2021-09-04 23:04:10 | SQL耗时： 0 ms | 连接信息： statement-0 | 执行语句： select adminuser0_.PKID as pkid1_0_, adminuser0_.CreateUserName as createus2_0_, adminuser0_.CreateTime as createti3_0_, adminuser0_.CreateUserId as createus4_0_, adminuser0_.LoginIp as loginip5_0_, adminuser0_.LoginName as loginnam6_0_, adminuser0_.LoginTime as logintim7_0_, adminuser0_.Password as password8_0_, adminuser0_.Remark as remark9_0_, adminuser0_.Status as status10_0_, adminuser0_.UserName as usernam11_0_ from sys_user adminuser0_ where adminuser0_.LoginName='admin' and adminuser0_.Password='7af31d6bf7da0e8719e73e9442c839cd'",
    "2021-09-04 23:04:10 | SQL耗时： 0 ms | 连接信息： statement-0 | 执行语句： update sys_user set CreateUserName=NULL, CreateTime=NULL, CreateUserId=NULL, LoginIp='127.0.0.1', LoginName='admin', LoginTime='2021-09-04T23:04:10.421+0800', Password='7af31d6bf7da0e8719e73e9442c839cd', Remark='初始用户', Status=1, UserName='超级用户' where PKID=4",
    "2021-09-04 23:04:10 | SQL耗时： 4 ms | 连接信息： commit-0 | 执行语句： "
  ],
  "requestTime": "2021-09-04 23:04:10.418",
  "responseParams": "{\"code\":200,\"message\":\"请求成功\",\"data\":{\"token\":\"tO7WbNDao1WG1O3v8C4GznsxoKyZANI4ux6USlaVcDnCDAfNI14IKTtTJwxYX0ul\",\"userInfo\":{\"pkid\":4,\"loginName\":\"admin\",\"userName\":\"超级用户\",\"password\":\"7af31d6bf7da0e8719e73e9442c839cd\",\"status\":1,\"loginIp\":\"127.0.0.1\",\"loginTime\":{\"date\":{\"year\":2021,\"month\":9,\"day\":4},\"time\":{\"hour\":23,\"minute\":4,\"second\":10,\"nano\":421000000}},\"remark\":\"初始用户\"}}}",
  "traceToken": "367dcf4f-1509-4cb5-83d3-176121944fab",
  "desc": "登录"
}
2021-09-04 23:05:06 [task-15] INFO  [LogPackage:138] - {
  "classMethod": "login",
  "consumeTime": 10,
  "responseTime": "2021-09-04 23:05:06.606",
  "ip": "127.0.0.1",
  "requestParams": "{\"password\":\"123.?012\",\"loginName\":\"admin\"}",
  "className": "myAdmin.module.admin.controller.AdminLoginController",
  "httpMethod": "POST",
  "url": "http://127.0.0.1:20101/admin/login/loginUser",
  "sqls": [
    "2021-09-04 23:05:06 | SQL耗时： 0 ms | 连接信息： statement-0 | 执行语句： select adminuser0_.PKID as pkid1_0_, adminuser0_.CreateUserName as createus2_0_, adminuser0_.CreateTime as createti3_0_, adminuser0_.CreateUserId as createus4_0_, adminuser0_.LoginIp as loginip5_0_, adminuser0_.LoginName as loginnam6_0_, adminuser0_.LoginTime as logintim7_0_, adminuser0_.Password as password8_0_, adminuser0_.Remark as remark9_0_, adminuser0_.Status as status10_0_, adminuser0_.UserName as usernam11_0_ from sys_user adminuser0_ where adminuser0_.LoginName='admin' and adminuser0_.Password='7af31d6bf7da0e8719e73e9442c839cd'",
    "2021-09-04 23:05:06 | SQL耗时： 0 ms | 连接信息： statement-0 | 执行语句： update sys_user set CreateUserName=NULL, CreateTime=NULL, CreateUserId=NULL, LoginIp='127.0.0.1', LoginName='admin', LoginTime='2021-09-04T23:05:06.599+0800', Password='7af31d6bf7da0e8719e73e9442c839cd', Remark='初始用户', Status=1, UserName='超级用户' where PKID=4",
    "2021-09-04 23:05:06 | SQL耗时： 3 ms | 连接信息： commit-0 | 执行语句： "
  ],
  "requestTime": "2021-09-04 23:05:06.596",
  "responseParams": "{\"code\":200,\"message\":\"请求成功\",\"data\":{\"token\":\"usa2EZ764bpyvSsUddaeQDOwODZHtt45M4Ar9yPAz8vCDAfNI14IKTtTJwxYX0ul\",\"userInfo\":{\"pkid\":4,\"loginName\":\"admin\",\"userName\":\"超级用户\",\"password\":\"7af31d6bf7da0e8719e73e9442c839cd\",\"status\":1,\"loginIp\":\"127.0.0.1\",\"loginTime\":{\"date\":{\"year\":2021,\"month\":9,\"day\":4},\"time\":{\"hour\":23,\"minute\":5,\"second\":6,\"nano\":599000000}},\"remark\":\"初始用户\"}}}",
  "traceToken": "694ec568-62ab-4c5c-86fa-4db835ffe6d2",
  "desc": "登录"
}
2021-09-04 23:05:15 [task-16] INFO  [LogPackage:138] - {
  "classMethod": "login",
  "consumeTime": 10,
  "responseTime": "2021-09-04 23:05:15.650",
  "ip": "127.0.0.1",
  "requestParams": "{\"password\":\"123.?012\",\"loginName\":\"admin\"}",
  "className": "myAdmin.module.admin.controller.AdminLoginController",
  "httpMethod": "POST",
  "url": "http://127.0.0.1:20101/admin/login/loginUser",
  "sqls": [
    "2021-09-04 23:05:15 | SQL耗时： 0 ms | 连接信息： statement-0 | 执行语句： select adminuser0_.PKID as pkid1_0_, adminuser0_.CreateUserName as createus2_0_, adminuser0_.CreateTime as createti3_0_, adminuser0_.CreateUserId as createus4_0_, adminuser0_.LoginIp as loginip5_0_, adminuser0_.LoginName as loginnam6_0_, adminuser0_.LoginTime as logintim7_0_, adminuser0_.Password as password8_0_, adminuser0_.Remark as remark9_0_, adminuser0_.Status as status10_0_, adminuser0_.UserName as usernam11_0_ from sys_user adminuser0_ where adminuser0_.LoginName='admin' and adminuser0_.Password='7af31d6bf7da0e8719e73e9442c839cd'",
    "2021-09-04 23:05:15 | SQL耗时： 0 ms | 连接信息： statement-0 | 执行语句： update sys_user set CreateUserName=NULL, CreateTime=NULL, CreateUserId=NULL, LoginIp='127.0.0.1', LoginName='admin', LoginTime='2021-09-04T23:05:15.642+0800', Password='7af31d6bf7da0e8719e73e9442c839cd', Remark='初始用户', Status=1, UserName='超级用户' where PKID=4",
    "2021-09-04 23:05:15 | SQL耗时： 3 ms | 连接信息： commit-0 | 执行语句： "
  ],
  "requestTime": "2021-09-04 23:05:15.640",
  "responseParams": "{\"code\":200,\"message\":\"请求成功\",\"data\":{\"token\":\"vLwpC6Dumr1KbreDpnEb1RBaKJVrlS66mRB4DZWRqdvCDAfNI14IKTtTJwxYX0ul\",\"userInfo\":{\"pkid\":4,\"loginName\":\"admin\",\"userName\":\"超级用户\",\"password\":\"7af31d6bf7da0e8719e73e9442c839cd\",\"status\":1,\"loginIp\":\"127.0.0.1\",\"loginTime\":{\"date\":{\"year\":2021,\"month\":9,\"day\":4},\"time\":{\"hour\":23,\"minute\":5,\"second\":15,\"nano\":642000000}},\"remark\":\"初始用户\"}}}",
  "traceToken": "997bf8d8-3848-4e1b-8e61-e76df532aff1",
  "desc": "登录"
}
2021-09-04 23:05:44 [task-17] INFO  [LogPackage:138] - {
  "classMethod": "login",
  "consumeTime": 9,
  "responseTime": "2021-09-04 23:05:44.209",
  "ip": "127.0.0.1",
  "requestParams": "{\"password\":\"123.?012\",\"loginName\":\"admin\"}",
  "className": "myAdmin.module.admin.controller.AdminLoginController",
  "httpMethod": "POST",
  "url": "http://127.0.0.1:20101/admin/login/loginUser",
  "sqls": [
    "2021-09-04 23:05:44 | SQL耗时： 0 ms | 连接信息： statement-0 | 执行语句： select adminuser0_.PKID as pkid1_0_, adminuser0_.CreateUserName as createus2_0_, adminuser0_.CreateTime as createti3_0_, adminuser0_.CreateUserId as createus4_0_, adminuser0_.LoginIp as loginip5_0_, adminuser0_.LoginName as loginnam6_0_, adminuser0_.LoginTime as logintim7_0_, adminuser0_.Password as password8_0_, adminuser0_.Remark as remark9_0_, adminuser0_.Status as status10_0_, adminuser0_.UserName as usernam11_0_ from sys_user adminuser0_ where adminuser0_.LoginName='admin' and adminuser0_.Password='7af31d6bf7da0e8719e73e9442c839cd'",
    "2021-09-04 23:05:44 | SQL耗时： 0 ms | 连接信息： statement-0 | 执行语句： update sys_user set CreateUserName=NULL, CreateTime=NULL, CreateUserId=NULL, LoginIp='127.0.0.1', LoginName='admin', LoginTime='2021-09-04T23:05:44.202+0800', Password='7af31d6bf7da0e8719e73e9442c839cd', Remark='初始用户', Status=1, UserName='超级用户' where PKID=4",
    "2021-09-04 23:05:44 | SQL耗时： 3 ms | 连接信息： commit-0 | 执行语句： "
  ],
  "requestTime": "2021-09-04 23:05:44.200",
  "responseParams": "{\"code\":200,\"message\":\"请求成功\",\"data\":{\"token\":\"rYcJ6MriO48h7jXQfInjoupd1OC1g7RCs2ryZexrBuDCDAfNI14IKTtTJwxYX0ul\",\"userInfo\":{\"pkid\":4,\"loginName\":\"admin\",\"userName\":\"超级用户\",\"password\":\"7af31d6bf7da0e8719e73e9442c839cd\",\"status\":1,\"loginIp\":\"127.0.0.1\",\"loginTime\":{\"date\":{\"year\":2021,\"month\":9,\"day\":4},\"time\":{\"hour\":23,\"minute\":5,\"second\":44,\"nano\":202000000}},\"remark\":\"初始用户\"}}}",
  "traceToken": "155312fa-76be-4361-b9b0-41956e18efd5",
  "desc": "登录"
}
2021-09-04 23:05:49 [task-18] INFO  [LogPackage:138] - {
  "classMethod": "login",
  "consumeTime": 10,
  "responseTime": "2021-09-04 23:05:49.808",
  "ip": "127.0.0.1",
  "requestParams": "{\"password\":\"123.?012\",\"loginName\":\"admin\"}",
  "className": "myAdmin.module.admin.controller.AdminLoginController",
  "httpMethod": "POST",
  "url": "http://127.0.0.1:20101/admin/login/loginUser",
  "sqls": [
    "2021-09-04 23:05:49 | SQL耗时： 0 ms | 连接信息： statement-0 | 执行语句： select adminuser0_.PKID as pkid1_0_, adminuser0_.CreateUserName as createus2_0_, adminuser0_.CreateTime as createti3_0_, adminuser0_.CreateUserId as createus4_0_, adminuser0_.LoginIp as loginip5_0_, adminuser0_.LoginName as loginnam6_0_, adminuser0_.LoginTime as logintim7_0_, adminuser0_.Password as password8_0_, adminuser0_.Remark as remark9_0_, adminuser0_.Status as status10_0_, adminuser0_.UserName as usernam11_0_ from sys_user adminuser0_ where adminuser0_.LoginName='admin' and adminuser0_.Password='7af31d6bf7da0e8719e73e9442c839cd'",
    "2021-09-04 23:05:49 | SQL耗时： 0 ms | 连接信息： statement-0 | 执行语句： update sys_user set CreateUserName=NULL, CreateTime=NULL, CreateUserId=NULL, LoginIp='127.0.0.1', LoginName='admin', LoginTime='2021-09-04T23:05:49.801+0800', Password='7af31d6bf7da0e8719e73e9442c839cd', Remark='初始用户', Status=1, UserName='超级用户' where PKID=4",
    "2021-09-04 23:05:49 | SQL耗时： 3 ms | 连接信息： commit-0 | 执行语句： "
  ],
  "requestTime": "2021-09-04 23:05:49.798",
  "responseParams": "{\"code\":200,\"message\":\"请求成功\",\"data\":{\"token\":\"pPiTH750Bbpt6g16/MzZToiS0Vyy7BovA28n5WRXceTCDAfNI14IKTtTJwxYX0ul\",\"userInfo\":{\"pkid\":4,\"loginName\":\"admin\",\"userName\":\"超级用户\",\"password\":\"7af31d6bf7da0e8719e73e9442c839cd\",\"status\":1,\"loginIp\":\"127.0.0.1\",\"loginTime\":{\"date\":{\"year\":2021,\"month\":9,\"day\":4},\"time\":{\"hour\":23,\"minute\":5,\"second\":49,\"nano\":801000000}},\"remark\":\"初始用户\"}}}",
  "traceToken": "e9b47261-fb60-466f-aee1-345d196e20a7",
  "desc": "登录"
}
2021-09-04 23:06:28 [task-19] INFO  [LogPackage:138] - {
  "classMethod": "login",
  "consumeTime": 18,
  "responseTime": "2021-09-04 23:06:28.439",
  "ip": "127.0.0.1",
  "requestParams": "{\"password\":\"123.?012\",\"loginName\":\"admin\"}",
  "className": "myAdmin.module.admin.controller.AdminLoginController",
  "httpMethod": "POST",
  "url": "http://127.0.0.1:20101/admin/login/loginUser",
  "sqls": [
    "2021-09-04 23:06:28 | SQL耗时： 0 ms | 连接信息： statement-0 | 执行语句： select adminuser0_.PKID as pkid1_0_, adminuser0_.CreateUserName as createus2_0_, adminuser0_.CreateTime as createti3_0_, adminuser0_.CreateUserId as createus4_0_, adminuser0_.LoginIp as loginip5_0_, adminuser0_.LoginName as loginnam6_0_, adminuser0_.LoginTime as logintim7_0_, adminuser0_.Password as password8_0_, adminuser0_.Remark as remark9_0_, adminuser0_.Status as status10_0_, adminuser0_.UserName as usernam11_0_ from sys_user adminuser0_ where adminuser0_.LoginName='admin' and adminuser0_.Password='7af31d6bf7da0e8719e73e9442c839cd'",
    "2021-09-04 23:06:28 | SQL耗时： 0 ms | 连接信息： statement-0 | 执行语句： update sys_user set CreateUserName=NULL, CreateTime=NULL, CreateUserId=NULL, LoginIp='127.0.0.1', LoginName='admin', LoginTime='2021-09-04T23:06:28.425+0800', Password='7af31d6bf7da0e8719e73e9442c839cd', Remark='初始用户', Status=1, UserName='超级用户' where PKID=4",
    "2021-09-04 23:06:28 | SQL耗时： 7 ms | 连接信息： commit-0 | 执行语句： "
  ],
  "requestTime": "2021-09-04 23:06:28.421",
  "responseParams": "{\"code\":200,\"message\":\"请求成功\",\"data\":{\"token\":\"Upyq1K9N44hP9s04btONxlivTBHmNP80qTPqegTXmDHCDAfNI14IKTtTJwxYX0ul\",\"userInfo\":{\"pkid\":4,\"loginName\":\"admin\",\"userName\":\"超级用户\",\"password\":\"7af31d6bf7da0e8719e73e9442c839cd\",\"status\":1,\"loginIp\":\"127.0.0.1\",\"loginTime\":{\"date\":{\"year\":2021,\"month\":9,\"day\":4},\"time\":{\"hour\":23,\"minute\":6,\"second\":28,\"nano\":425000000}},\"remark\":\"初始用户\"}}}",
  "traceToken": "cdd234ff-55a4-4df2-a42f-5ad9df75e8bf",
  "desc": "登录"
}
2021-09-04 23:07:25 [task-20] INFO  [LogPackage:138] - {
  "classMethod": "login",
  "consumeTime": 13,
  "responseTime": "2021-09-04 23:07:25.304",
  "ip": "127.0.0.1",
  "requestParams": "{\"password\":\"123.?012\",\"loginName\":\"admin\"}",
  "className": "myAdmin.module.admin.controller.AdminLoginController",
  "httpMethod": "POST",
  "url": "http://127.0.0.1:20101/admin/login/loginUser",
  "sqls": [
    "2021-09-04 23:07:25 | SQL耗时： 0 ms | 连接信息： statement-0 | 执行语句： select adminuser0_.PKID as pkid1_0_, adminuser0_.CreateUserName as createus2_0_, adminuser0_.CreateTime as createti3_0_, adminuser0_.CreateUserId as createus4_0_, adminuser0_.LoginIp as loginip5_0_, adminuser0_.LoginName as loginnam6_0_, adminuser0_.LoginTime as logintim7_0_, adminuser0_.Password as password8_0_, adminuser0_.Remark as remark9_0_, adminuser0_.Status as status10_0_, adminuser0_.UserName as usernam11_0_ from sys_user adminuser0_ where adminuser0_.LoginName='admin' and adminuser0_.Password='7af31d6bf7da0e8719e73e9442c839cd'",
    "2021-09-04 23:07:25 | SQL耗时： 0 ms | 连接信息： statement-0 | 执行语句： update sys_user set CreateUserName=NULL, CreateTime=NULL, CreateUserId=NULL, LoginIp='127.0.0.1', LoginName='admin', LoginTime='2021-09-04T23:07:25.294+0800', Password='7af31d6bf7da0e8719e73e9442c839cd', Remark='初始用户', Status=1, UserName='超级用户' where PKID=4",
    "2021-09-04 23:07:25 | SQL耗时： 3 ms | 连接信息： commit-0 | 执行语句： "
  ],
  "requestTime": "2021-09-04 23:07:25.291",
  "responseParams": "{\"code\":200,\"message\":\"请求成功\",\"data\":{\"token\":\"p+uXSxTvHydBnSvcta1qXP2J9d+l/F4FB9ysqdel0OjCDAfNI14IKTtTJwxYX0ul\",\"userInfo\":{\"pkid\":4,\"loginName\":\"admin\",\"userName\":\"超级用户\",\"password\":\"7af31d6bf7da0e8719e73e9442c839cd\",\"status\":1,\"loginIp\":\"127.0.0.1\",\"loginTime\":{\"date\":{\"year\":2021,\"month\":9,\"day\":4},\"time\":{\"hour\":23,\"minute\":7,\"second\":25,\"nano\":294000000}},\"remark\":\"初始用户\"}}}",
  "traceToken": "e303034c-663a-4b93-b447-64b72a29e2a6",
  "desc": "登录"
}
2021-09-04 23:18:32 [task-1] INFO  [LogPackage:138] - {
  "classMethod": "login",
  "consumeTime": 769,
  "responseTime": "2021-09-04 23:18:32.127",
  "ip": "127.0.0.1",
  "requestParams": "{\"password\":\"123.?012\",\"loginName\":\"admin\"}",
  "className": "myAdmin.module.admin.controller.AdminLoginController",
  "httpMethod": "POST",
  "url": "http://127.0.0.1:20101/admin/login/loginUser",
  "sqls": [
    "2021-09-04 23:18:31 | SQL耗时： 5 ms | 连接信息： statement-0 | 执行语句： select adminuser0_.PKID as pkid1_0_, adminuser0_.CreateUserName as createus2_0_, adminuser0_.CreateTime as createti3_0_, adminuser0_.CreateUserId as createus4_0_, adminuser0_.LoginIp as loginip5_0_, adminuser0_.LoginName as loginnam6_0_, adminuser0_.LoginTime as logintim7_0_, adminuser0_.Password as password8_0_, adminuser0_.Remark as remark9_0_, adminuser0_.Status as status10_0_, adminuser0_.UserName as usernam11_0_ from sys_user adminuser0_ where adminuser0_.LoginName='admin' and adminuser0_.Password='7af31d6bf7da0e8719e73e9442c839cd'",
    "2021-09-04 23:18:32 | SQL耗时： 0 ms | 连接信息： statement-0 | 执行语句： update sys_user set CreateUserName=NULL, CreateTime=NULL, CreateUserId=NULL, LoginIp='127.0.0.1', LoginName='admin', LoginTime='2021-09-04T23:18:32.014+0800', Password='7af31d6bf7da0e8719e73e9442c839cd', Remark='初始用户', Status=1, UserName='超级用户' where PKID=4",
    "2021-09-04 23:18:32 | SQL耗时： 4 ms | 连接信息： commit-0 | 执行语句： "
  ],
  "requestTime": "2021-09-04 23:18:31.358",
  "responseParams": "{\"code\":200,\"message\":\"请求成功\",\"data\":{\"token\":\"ZLJoSArCAscxoQzFGKGe2COE8u0ES4g6AlbHf93AMknCDAfNI14IKTtTJwxYX0ul\",\"userInfo\":{\"pkid\":4,\"loginName\":\"admin\",\"userName\":\"超级用户\",\"password\":\"7af31d6bf7da0e8719e73e9442c839cd\",\"status\":1,\"loginIp\":\"127.0.0.1\",\"loginTime\":{\"date\":{\"year\":2021,\"month\":9,\"day\":4},\"time\":{\"hour\":23,\"minute\":18,\"second\":32,\"nano\":14000000}},\"remark\":\"初始用户\"}}}",
  "traceToken": "fc1d2688-6e04-4d54-b63d-ec1f52c51519",
  "desc": "登录"
}
2021-09-04 23:18:32 [task-2] INFO  [LogPackage:138] - {
  "classMethod": "requestTest",
  "consumeTime": 7,
  "responseTime": "2021-09-04 23:18:32.188",
  "ip": "127.0.0.1",
  "requestParams": "{}",
  "className": "myAdmin.module.admin.controller.AdminUserController",
  "httpMethod": "GET",
  "url": "http://127.0.0.1:20101/admin/user/requestTest",
  "sqls": [],
  "requestTime": "2021-09-04 23:18:32.181",
  "responseParams": "{\"code\":200,\"message\":\"请求成功\",\"data\":\"请求成功\"}",
  "traceToken": "697f8395-e024-4198-9a23-898df024f483",
  "desc": "发起请求，用于测试token是否过期"
}
